#
# A fatal error has been detected by the Java Runtime Environment:
#
#  EXCEPTION_ACCESS_VIOLATION (0xc0000005) at pc=0x00007ff839b743b3, pid=3292, tid=4228
#
# JRE version: Java(TM) SE Runtime Environment (11.0.1+13) (build 11.0.1+13-LTS)
# Java VM: Java HotSpot(TM) 64-Bit Server VM (11.0.1+13-LTS, mixed mode, tiered, compressed oops, g1 gc, windows-amd64)
# Problematic frame:
# V  [jvm.dll+0x5043b3]
#
# No core dump will be written. Minidumps are not enabled by default on client versions of Windows
#
# If you would like to submit a bug report, please visit:
#   http://bugreport.java.com/bugreport/crash.jsp
#

---------------  S U M M A R Y ------------

Command Line: -agentlib:jdwp=transport=dt_socket,suspend=y,address=localhost:55727 -javaagent:C:\Users\DELL\eclipse\jee-2018-09\eclipse\configuration\org.eclipse.osgi\419\0\.cp\lib\javaagent-shaded.jar -Dfile.encoding=Cp1252 AutomationPackage.PalindromeExample

Host: Intel(R) Core(TM) i3-4005U CPU @ 1.70GHz, 4 cores, 3G,  Windows 8.1 , 64 bit Build 9600 (6.3.9600.17031)
Time: Fri Feb  1 21:30:23 2019 India Standard Time elapsed time: 221 seconds (0d 0h 3m 41s)

---------------  T H R E A D  ---------------

Current thread (0x000000e62b35f800):  VMThread "VM Thread" [stack: 0x000000e62bbf0000,0x000000e62bcf0000] [id=4228]

Stack: [0x000000e62bbf0000,0x000000e62bcf0000],  sp=0x000000e62bcef460,  free space=1021k
Native frames: (J=compiled Java code, j=interpreted, Vv=VM code, C=native code)
V  [jvm.dll+0x5043b3]
V  [jvm.dll+0x503e57]
V  [jvm.dll+0x78178c]
V  [jvm.dll+0x77fc47]
V  [jvm.dll+0x780470]
V  [jvm.dll+0x78077f]
V  [jvm.dll+0x63b2b2]
C  [ucrtbase.DLL+0x1d885]
C  [KERNEL32.DLL+0x168d]
C  [ntdll.dll+0x74629]


siginfo: EXCEPTION_ACCESS_VIOLATION (0xc0000005), reading address 0x000000e6cabc5ff0


Register to memory mapping:

RIP=0x00007ff839b743b3 jvm.dll
RAX=0x0000000000000001 is an unknown value
RBX=0x000000e60f15e690 points into unknown readable memory
RCX=0x0000000000000001 is an unknown value
RDX=0x000000e6cabc5fe8 is an unknown value
RSP=0x000000e62bcef460 points into unknown readable memory
RBP=0x0000000000000008 is an unknown value
RSI=0x000000e62c277eb0 points into unknown readable memory
RDI=0x000000e62bbc6030 is pointing into metadata
R8 =0x000000e62bbc5f30 is pointing into metadata
R9 =0x000000e62bbc9b60 is pointing into metadata
R10=0x000000e62b25c898 points into unknown readable memory
R11=0x000000e62b25ecb8 points into unknown readable memory
R12=0x00007ff839ebd088 jvm.dll
R13=0x00000001000caa88 is pointing into metadata
R14=0x000000e62ce3f250 is pointing into the stack for thread: 0x000000e62c27b000
R15=0x00000000000003d8 is an unknown value


Registers:
RAX=0x0000000000000001, RBX=0x000000e60f15e690, RCX=0x0000000000000001, RDX=0x000000e6cabc5fe8
RSP=0x000000e62bcef460, RBP=0x0000000000000008, RSI=0x000000e62c277eb0, RDI=0x000000e62bbc6030
R8 =0x000000e62bbc5f30, R9 =0x000000e62bbc9b60, R10=0x000000e62b25c898, R11=0x000000e62b25ecb8
R12=0x00007ff839ebd088, R13=0x00000001000caa88, R14=0x000000e62ce3f250, R15=0x00000000000003d8
RIP=0x00007ff839b743b3, EFLAGS=0x0000000000010202

Top of Stack: (sp=0x000000e62bcef460)
0x000000e62bcef460:   000000e62ce3f250 000000e62c277550
0x000000e62bcef470:   000000e62c277eb0 0000000000000000
0x000000e62bcef480:   000000e62b25c898 000000e62b25ecb8
0x000000e62bcef490:   000000e60f15e690 00007ff839ebd088
0x000000e62bcef4a0:   00007ff83a093fe8 00000000000003d8
0x000000e62bcef4b0:   000000e62ce3f250 00007ff839ebd088
0x000000e62bcef4c0:   0000000000000020 000000e62c277eb0
0x000000e62bcef4d0:   000000e62c277550 00007ff83a118a40
0x000000e62bcef4e0:   0000000000000004 00007ff839b73e57
0x000000e62bcef4f0:   000000e62ce3f250 000000e62bcef510
0x000000e62bcef500:   000000e62b335898 00000000000003d8
0x000000e62bcef510:   00007ff839c62120 000000e600000000
0x000000e62bcef520:   000000e62b335898 000000e62b3354b0
0x000000e62bcef530:   000000e62ce3f1e0 00007ff839df178c
0x000000e62bcef540:   000000e62d1c2a60 000000e60f1fe6c0
0x000000e62bcef550:   000000e62b3354c0 00007ff839f2c8d0 

Instructions: (pc=0x00007ff839b743b3)
0x00007ff839b74393:   00 4c 8d 40 01 4e 8d 04 c1 0f 1f 40 00 49 8b 38
0x00007ff839b743a3:   0f b6 4f 2a c0 e9 05 f6 c1 01 74 24 48 8b 57 08
0x00007ff839b743b3:   4c 8b 4a 08 0f b7 4a 2a 49 8b 74 c9 40 49 3b f2
0x00007ff839b743c3:   75 0e 0f b7 4a 2c 49 8b 54 c9 40 49 3b d3 74 0f 


VM_Operation (0x000000e62ce3f1e0): ChangeBreakpoints, mode: safepoint, requested by thread 0x000000e62c27b000


---------------  P R O C E S S  ---------------

Threads class SMR info:
_java_thread_list=0x000000e62d0bf340, length=13, elements={
0x000000e60f14b800, 0x000000e62b398000, 0x000000e62b385000, 0x000000e62b393800,
0x000000e62b3a4000, 0x000000e62b3a5800, 0x000000e62c0c4000, 0x000000e62c0c5800,
0x000000e62c1d4000, 0x000000e62c27b000, 0x000000e62c288800, 0x000000e62c289800,
0x000000e62d1b7800
}

Java Threads: ( => current thread )
  0x000000e60f14b800 JavaThread "main" [_thread_blocked, id=6828, stack(0x000000e60e800000,0x000000e60e900000)]
  0x000000e62b398000 JavaThread "Reference Handler" daemon [_thread_blocked, id=2756, stack(0x000000e62bcf0000,0x000000e62bdf0000)]
  0x000000e62b385000 JavaThread "Finalizer" daemon [_thread_blocked, id=7636, stack(0x000000e62bdf0000,0x000000e62bef0000)]
  0x000000e62b393800 JavaThread "Signal Dispatcher" daemon [_thread_blocked, id=4740, stack(0x000000e62c460000,0x000000e62c560000)]
  0x000000e62b3a4000 JavaThread "Attach Listener" daemon [_thread_blocked, id=7828, stack(0x000000e62c560000,0x000000e62c660000)]
  0x000000e62b3a5800 JavaThread "C2 CompilerThread0" daemon [_thread_blocked, id=476, stack(0x000000e62c660000,0x000000e62c760000)]
  0x000000e62c0c4000 JavaThread "C1 CompilerThread0" daemon [_thread_blocked, id=7136, stack(0x000000e62c760000,0x000000e62c860000)]
  0x000000e62c0c5800 JavaThread "Sweeper thread" daemon [_thread_blocked, id=7888, stack(0x000000e62c860000,0x000000e62c960000)]
  0x000000e62c1d4000 JavaThread "Common-Cleaner" daemon [_thread_blocked, id=5124, stack(0x000000e62c960000,0x000000e62ca60000)]
  0x000000e62c27b000 JavaThread "JDWP Transport Listener: dt_socket" daemon [_thread_blocked, id=4608, stack(0x000000e62cd40000,0x000000e62ce40000)]
  0x000000e62c288800 JavaThread "JDWP Event Helper Thread" daemon [_thread_blocked, id=3424, stack(0x000000e62ce40000,0x000000e62cf40000)]
  0x000000e62c289800 JavaThread "JDWP Command Reader" daemon [_thread_in_native, id=4188, stack(0x000000e62cf40000,0x000000e62d040000)]
  0x000000e62d1b7800 JavaThread "Service Thread" daemon [_thread_blocked, id=6124, stack(0x000000e62d840000,0x000000e62d940000)]

Other Threads:
=>0x000000e62b35f800 VMThread "VM Thread" [stack: 0x000000e62bbf0000,0x000000e62bcf0000] [id=4228]
  0x000000e62d1c8800 WatcherThread [stack: 0x000000e62d940000,0x000000e62da40000] [id=6636]
  0x000000e60f161000 GCTaskThread "GC Thread#0" [stack: 0x000000e60eae0000,0x000000e60ebe0000] [id=7352]
  0x000000e60f17c800 ConcurrentGCThread "G1 Main Marker" [stack: 0x000000e6289b0000,0x000000e628ab0000] [id=7948]
  0x000000e60f17f000 ConcurrentGCThread "G1 Conc#0" [stack: 0x000000e628ab0000,0x000000e628bb0000] [id=7732]
  0x000000e60f1d7800 ConcurrentGCThread "G1 Refine#0" [stack: 0x000000e62aff0000,0x000000e62b0f0000] [id=3776]
  0x000000e60f1da800 ConcurrentGCThread "G1 Young RemSet Sampling" [stack: 0x000000e62b0f0000,0x000000e62b1f0000] [id=7392]

Threads with active compile tasks:

VM state:at safepoint (normal execution)

VM Mutex/Monitor currently owned by a thread:  ([mutex/lock_event])
[0x000000e60f149ad0] Threads_lock - owner thread: 0x000000e62b35f800

Heap address: 0x00000000c1600000, size: 1002 MB, Compressed Oops mode: 32-bit
Narrow klass base: 0x0000000000000000, Narrow klass shift: 3
Compressed class space size: 1073741824 Address: 0x0000000100000000

Heap:
 garbage-first heap   total 65536K, used 5120K [0x00000000c1600000, 0x0000000100000000)
  region size 1024K, 5 young (5120K), 0 survivors (0K)
 Metaspace       used 8762K, capacity 8866K, committed 9088K, reserved 1056768K
  class space    used 766K, capacity 802K, committed 896K, reserved 1048576K
Heap Regions: E=young(eden), S=young(survivor), O=old, HS=humongous(starts), HC=humongous(continues), CS=collection set, F=free, A=archive, TAMS=top-at-mark-start (previous, next)
|   0|0x00000000c1600000, 0x00000000c1700000, 0x00000000c1700000|100%|HS|  |TAMS 0x00000000c1600000, 0x00000000c1600000| Complete 
|   1|0x00000000c1700000, 0x00000000c1700000, 0x00000000c1800000|  0%| F|  |TAMS 0x00000000c1700000, 0x00000000c1700000| Untracked 
|   2|0x00000000c1800000, 0x00000000c1800000, 0x00000000c1900000|  0%| F|  |TAMS 0x00000000c1800000, 0x00000000c1800000| Untracked 
|   3|0x00000000c1900000, 0x00000000c1900000, 0x00000000c1a00000|  0%| F|  |TAMS 0x00000000c1900000, 0x00000000c1900000| Untracked 
|   4|0x00000000c1a00000, 0x00000000c1a00000, 0x00000000c1b00000|  0%| F|  |TAMS 0x00000000c1a00000, 0x00000000c1a00000| Untracked 
|   5|0x00000000c1b00000, 0x00000000c1b00000, 0x00000000c1c00000|  0%| F|  |TAMS 0x00000000c1b00000, 0x00000000c1b00000| Untracked 
|   6|0x00000000c1c00000, 0x00000000c1c00000, 0x00000000c1d00000|  0%| F|  |TAMS 0x00000000c1c00000, 0x00000000c1c00000| Untracked 
|   7|0x00000000c1d00000, 0x00000000c1d00000, 0x00000000c1e00000|  0%| F|  |TAMS 0x00000000c1d00000, 0x00000000c1d00000| Untracked 
|   8|0x00000000c1e00000, 0x00000000c1e00000, 0x00000000c1f00000|  0%| F|  |TAMS 0x00000000c1e00000, 0x00000000c1e00000| Untracked 
|   9|0x00000000c1f00000, 0x00000000c1f00000, 0x00000000c2000000|  0%| F|  |TAMS 0x00000000c1f00000, 0x00000000c1f00000| Untracked 
|  10|0x00000000c2000000, 0x00000000c2000000, 0x00000000c2100000|  0%| F|  |TAMS 0x00000000c2000000, 0x00000000c2000000| Untracked 
|  11|0x00000000c2100000, 0x00000000c2100000, 0x00000000c2200000|  0%| F|  |TAMS 0x00000000c2100000, 0x00000000c2100000| Untracked 
|  12|0x00000000c2200000, 0x00000000c2200000, 0x00000000c2300000|  0%| F|  |TAMS 0x00000000c2200000, 0x00000000c2200000| Untracked 
|  13|0x00000000c2300000, 0x00000000c2300000, 0x00000000c2400000|  0%| F|  |TAMS 0x00000000c2300000, 0x00000000c2300000| Untracked 
|  14|0x00000000c2400000, 0x00000000c2400000, 0x00000000c2500000|  0%| F|  |TAMS 0x00000000c2400000, 0x00000000c2400000| Untracked 
|  15|0x00000000c2500000, 0x00000000c2500000, 0x00000000c2600000|  0%| F|  |TAMS 0x00000000c2500000, 0x00000000c2500000| Untracked 
|  16|0x00000000c2600000, 0x00000000c2600000, 0x00000000c2700000|  0%| F|  |TAMS 0x00000000c2600000, 0x00000000c2600000| Untracked 
|  17|0x00000000c2700000, 0x00000000c2700000, 0x00000000c2800000|  0%| F|  |TAMS 0x00000000c2700000, 0x00000000c2700000| Untracked 
|  18|0x00000000c2800000, 0x00000000c2800000, 0x00000000c2900000|  0%| F|  |TAMS 0x00000000c2800000, 0x00000000c2800000| Untracked 
|  19|0x00000000c2900000, 0x00000000c2900000, 0x00000000c2a00000|  0%| F|  |TAMS 0x00000000c2900000, 0x00000000c2900000| Untracked 
|  20|0x00000000c2a00000, 0x00000000c2a00000, 0x00000000c2b00000|  0%| F|  |TAMS 0x00000000c2a00000, 0x00000000c2a00000| Untracked 
|  21|0x00000000c2b00000, 0x00000000c2b00000, 0x00000000c2c00000|  0%| F|  |TAMS 0x00000000c2b00000, 0x00000000c2b00000| Untracked 
|  22|0x00000000c2c00000, 0x00000000c2c00000, 0x00000000c2d00000|  0%| F|  |TAMS 0x00000000c2c00000, 0x00000000c2c00000| Untracked 
|  23|0x00000000c2d00000, 0x00000000c2d00000, 0x00000000c2e00000|  0%| F|  |TAMS 0x00000000c2d00000, 0x00000000c2d00000| Untracked 
|  24|0x00000000c2e00000, 0x00000000c2e00000, 0x00000000c2f00000|  0%| F|  |TAMS 0x00000000c2e00000, 0x00000000c2e00000| Untracked 
|  25|0x00000000c2f00000, 0x00000000c2f00000, 0x00000000c3000000|  0%| F|  |TAMS 0x00000000c2f00000, 0x00000000c2f00000| Untracked 
|  26|0x00000000c3000000, 0x00000000c3000000, 0x00000000c3100000|  0%| F|  |TAMS 0x00000000c3000000, 0x00000000c3000000| Untracked 
|  27|0x00000000c3100000, 0x00000000c3100000, 0x00000000c3200000|  0%| F|  |TAMS 0x00000000c3100000, 0x00000000c3100000| Untracked 
|  28|0x00000000c3200000, 0x00000000c3200000, 0x00000000c3300000|  0%| F|  |TAMS 0x00000000c3200000, 0x00000000c3200000| Untracked 
|  29|0x00000000c3300000, 0x00000000c3300000, 0x00000000c3400000|  0%| F|  |TAMS 0x00000000c3300000, 0x00000000c3300000| Untracked 
|  30|0x00000000c3400000, 0x00000000c3400000, 0x00000000c3500000|  0%| F|  |TAMS 0x00000000c3400000, 0x00000000c3400000| Untracked 
|  31|0x00000000c3500000, 0x00000000c3500000, 0x00000000c3600000|  0%| F|  |TAMS 0x00000000c3500000, 0x00000000c3500000| Untracked 
|  32|0x00000000c3600000, 0x00000000c3600000, 0x00000000c3700000|  0%| F|  |TAMS 0x00000000c3600000, 0x00000000c3600000| Untracked 
|  33|0x00000000c3700000, 0x00000000c3700000, 0x00000000c3800000|  0%| F|  |TAMS 0x00000000c3700000, 0x00000000c3700000| Untracked 
|  34|0x00000000c3800000, 0x00000000c3800000, 0x00000000c3900000|  0%| F|  |TAMS 0x00000000c3800000, 0x00000000c3800000| Untracked 
|  35|0x00000000c3900000, 0x00000000c3900000, 0x00000000c3a00000|  0%| F|  |TAMS 0x00000000c3900000, 0x00000000c3900000| Untracked 
|  36|0x00000000c3a00000, 0x00000000c3a00000, 0x00000000c3b00000|  0%| F|  |TAMS 0x00000000c3a00000, 0x00000000c3a00000| Untracked 
|  37|0x00000000c3b00000, 0x00000000c3b00000, 0x00000000c3c00000|  0%| F|  |TAMS 0x00000000c3b00000, 0x00000000c3b00000| Untracked 
|  38|0x00000000c3c00000, 0x00000000c3c00000, 0x00000000c3d00000|  0%| F|  |TAMS 0x00000000c3c00000, 0x00000000c3c00000| Untracked 
|  39|0x00000000c3d00000, 0x00000000c3d00000, 0x00000000c3e00000|  0%| F|  |TAMS 0x00000000c3d00000, 0x00000000c3d00000| Untracked 
|  40|0x00000000c3e00000, 0x00000000c3e00000, 0x00000000c3f00000|  0%| F|  |TAMS 0x00000000c3e00000, 0x00000000c3e00000| Untracked 
|  41|0x00000000c3f00000, 0x00000000c3f00000, 0x00000000c4000000|  0%| F|  |TAMS 0x00000000c3f00000, 0x00000000c3f00000| Untracked 
|  42|0x00000000c4000000, 0x00000000c4000000, 0x00000000c4100000|  0%| F|  |TAMS 0x00000000c4000000, 0x00000000c4000000| Untracked 
|  43|0x00000000c4100000, 0x00000000c4100000, 0x00000000c4200000|  0%| F|  |TAMS 0x00000000c4100000, 0x00000000c4100000| Untracked 
|  44|0x00000000c4200000, 0x00000000c4200000, 0x00000000c4300000|  0%| F|  |TAMS 0x00000000c4200000, 0x00000000c4200000| Untracked 
|  45|0x00000000c4300000, 0x00000000c4300000, 0x00000000c4400000|  0%| F|  |TAMS 0x00000000c4300000, 0x00000000c4300000| Untracked 
|  46|0x00000000c4400000, 0x00000000c4400000, 0x00000000c4500000|  0%| F|  |TAMS 0x00000000c4400000, 0x00000000c4400000| Untracked 
|  47|0x00000000c4500000, 0x00000000c4500000, 0x00000000c4600000|  0%| F|  |TAMS 0x00000000c4500000, 0x00000000c4500000| Untracked 
|  48|0x00000000c4600000, 0x00000000c4600000, 0x00000000c4700000|  0%| F|  |TAMS 0x00000000c4600000, 0x00000000c4600000| Untracked 
|  49|0x00000000c4700000, 0x00000000c4700000, 0x00000000c4800000|  0%| F|  |TAMS 0x00000000c4700000, 0x00000000c4700000| Untracked 
|  50|0x00000000c4800000, 0x00000000c4800000, 0x00000000c4900000|  0%| F|  |TAMS 0x00000000c4800000, 0x00000000c4800000| Untracked 
|  51|0x00000000c4900000, 0x00000000c4900000, 0x00000000c4a00000|  0%| F|  |TAMS 0x00000000c4900000, 0x00000000c4900000| Untracked 
|  52|0x00000000c4a00000, 0x00000000c4a00000, 0x00000000c4b00000|  0%| F|  |TAMS 0x00000000c4a00000, 0x00000000c4a00000| Untracked 
|  53|0x00000000c4b00000, 0x00000000c4b00000, 0x00000000c4c00000|  0%| F|  |TAMS 0x00000000c4b00000, 0x00000000c4b00000| Untracked 
|  54|0x00000000c4c00000, 0x00000000c4c00000, 0x00000000c4d00000|  0%| F|  |TAMS 0x00000000c4c00000, 0x00000000c4c00000| Untracked 
|  55|0x00000000c4d00000, 0x00000000c4d00000, 0x00000000c4e00000|  0%| F|  |TAMS 0x00000000c4d00000, 0x00000000c4d00000| Untracked 
|  56|0x00000000c4e00000, 0x00000000c4e00000, 0x00000000c4f00000|  0%| F|  |TAMS 0x00000000c4e00000, 0x00000000c4e00000| Untracked 
|  57|0x00000000c4f00000, 0x00000000c4f00000, 0x00000000c5000000|  0%| F|  |TAMS 0x00000000c4f00000, 0x00000000c4f00000| Untracked 
|  58|0x00000000c5000000, 0x00000000c5000000, 0x00000000c5100000|  0%| F|  |TAMS 0x00000000c5000000, 0x00000000c5000000| Untracked 
|  59|0x00000000c5100000, 0x00000000c518fe78, 0x00000000c5200000| 56%| E|  |TAMS 0x00000000c5100000, 0x00000000c5100000| Complete 
|  60|0x00000000c5200000, 0x00000000c5300000, 0x00000000c5300000|100%| E|CS|TAMS 0x00000000c5200000, 0x00000000c5200000| Complete 
|  61|0x00000000c5300000, 0x00000000c5400000, 0x00000000c5400000|100%| E|CS|TAMS 0x00000000c5300000, 0x00000000c5300000| Complete 
|  62|0x00000000c5400000, 0x00000000c5500000, 0x00000000c5500000|100%| E|CS|TAMS 0x00000000c5400000, 0x00000000c5400000| Complete 
|  63|0x00000000c5500000, 0x00000000c5600000, 0x00000000c5600000|100%| E|CS|TAMS 0x00000000c5500000, 0x00000000c5500000| Complete 

Card table byte_map: [0x000000e626650000,0x000000e626850000] _byte_map_base: 0x000000e626045000

Marking Bits (Prev, Next): (CMBitMap*) 0x000000e60f177848, (CMBitMap*) 0x000000e60f177880
 Prev Bits: [0x000000e626a50000, 0x000000e6279f8000)
 Next Bits: [0x000000e627a00000, 0x000000e6289a8000)

Polling page: 0x000000e60cef0000

Metaspace:

Usage:
  Non-class:      7.88 MB capacity,     7.81 MB (>99%) used,    61.43 KB ( <1%) free+waste,     6.38 KB ( <1%) overhead. 
      Class:    802.00 KB capacity,   766.09 KB ( 96%) used,    33.48 KB (  4%) free+waste,     2.44 KB ( <1%) overhead. 
       Both:      8.66 MB capacity,     8.56 MB ( 99%) used,    94.91 KB (  1%) free+waste,     8.81 KB ( <1%) overhead. 

Virtual space:
  Non-class space:        8.00 MB reserved,       8.00 MB (100%) committed 
      Class space:        1.00 GB reserved,     896.00 KB ( <1%) committed 
             Both:        1.01 GB reserved,       8.88 MB ( <1%) committed 

Chunk freelists:
   Non-Class:  0 bytes
       Class:  3.75 KB
        Both:  3.75 KB

CodeHeap 'non-profiled nmethods': size=120064Kb used=118Kb max_used=118Kb free=119945Kb
 bounds [0x000000e61ef10000, 0x000000e61f180000, 0x000000e626450000]
CodeHeap 'profiled nmethods': size=120000Kb used=548Kb max_used=548Kb free=119451Kb
 bounds [0x000000e6179e0000, 0x000000e617c50000, 0x000000e61ef10000]
CodeHeap 'non-nmethods': size=5696Kb used=1146Kb max_used=1160Kb free=4549Kb
 bounds [0x000000e617450000, 0x000000e6176c0000, 0x000000e6179e0000]
 total_blobs=869 nmethods=398 adapters=276
 compilation: enabled
              stopped_count=0, restarted_count=0
 full_count=0

Compilation events (10 events):
Event: 1.617 Thread 0x000000e62c0c4000  394       3       java.util.zip.ZipFile$Source::getEntryNext (9 bytes)
Event: 1.617 Thread 0x000000e62c0c4000 nmethod 394 0x000000e617a66b90 code [0x000000e617a66d40, 0x000000e617a66ed8]
Event: 1.617 Thread 0x000000e62c0c4000  395       1       java.util.jar.Manifest::getEntries (5 bytes)
Event: 1.617 Thread 0x000000e62c0c4000 nmethod 395 0x000000e61ef2d690 code [0x000000e61ef2d840, 0x000000e61ef2d958]
Event: 1.618 Thread 0x000000e62c0c4000  396   !   3       java.security.cert.Certificate::equals (38 bytes)
Event: 1.619 Thread 0x000000e62c0c4000 nmethod 396 0x000000e617a66f90 code [0x000000e617a67220, 0x000000e617a67f90]
Event: 1.619 Thread 0x000000e62c0c4000  397       3       sun.security.x509.X509CertImpl::getEncodedInternal (20 bytes)
Event: 1.620 Thread 0x000000e62c0c4000 nmethod 397 0x000000e617a68410 code [0x000000e617a68620, 0x000000e617a68ba0]
Event: 155.438 Thread 0x000000e62c0c4000  398       3       org.eclipse.jdt.launching.internal.org.objectweb.asm.ClassReader::readUnsignedShort (26 bytes)
Event: 155.438 Thread 0x000000e62c0c4000 nmethod 398 0x000000e617a68d10 code [0x000000e617a68ec0, 0x000000e617a69078]

GC Heap History (0 events):
No events

Deoptimization events (2 events):
Event: 0.646 Thread 0x000000e60f14b800 Uncommon trap: reason=unstable_if action=reinterpret pc=0x000000e61ef1e1b4 method=java.util.HashMap.putVal(ILjava/lang/Object;Ljava/lang/Object;ZZ)Ljava/lang/Object; @ 69 c2
Event: 1.531 Thread 0x000000e60f14b800 Uncommon trap: reason=unstable_if action=reinterpret pc=0x000000e61ef1fa78 method=java.lang.String.isLatin1()Z @ 10 c2

Classes redefined (2 events):
Event: 155.446 Thread 0x000000e62b35f800 redefined class name=AutomationPackage.PalindromeExample, count=1
Event: 221.431 Thread 0x000000e62b35f800 redefined class name=AutomationPackage.PalindromeExample, count=2

Internal exceptions (0 events):
No events

Events (10 events):
Event: 188.686 Executing VM operation: GetOwnedMonitorInfo done
Event: 221.424 loading class org/eclipse/jdt/launching/internal/org/objectweb/asm/Opcodes
Event: 221.424 loading class org/eclipse/jdt/launching/internal/org/objectweb/asm/Opcodes done
Event: 221.429 Executing VM operation: RedefineClasses
Event: 221.432 Executing VM operation: RedefineClasses done
Event: 221.439 Executing VM operation: ChangeBreakpoints
Event: 221.440 Executing VM operation: ChangeBreakpoints done
Event: 221.458 Executing VM operation: ChangeBreakpoints
Event: 221.459 Executing VM operation: ChangeBreakpoints done
Event: 221.466 Executing VM operation: ChangeBreakpoints


Dynamic libraries:
0x00007ff6dc3b0000 - 0x00007ff6dc3f7000 	C:\Program Files\Java\jdk-11.0.1\bin\javaw.exe
0x00007ff85d640000 - 0x00007ff85d7ea000 	C:\Windows\SYSTEM32\ntdll.dll
0x00007ff85c3b0000 - 0x00007ff85c4ea000 	C:\Windows\system32\KERNEL32.DLL
0x00007ff85aa80000 - 0x00007ff85ab90000 	C:\Windows\system32\KERNELBASE.dll
0x00007ff85cd40000 - 0x00007ff85cde5000 	C:\Windows\system32\ADVAPI32.dll
0x00007ff85c830000 - 0x00007ff85c9a1000 	C:\Windows\system32\USER32.dll
0x00007ff857ee0000 - 0x00007ff85813a000 	C:\Windows\WinSxS\amd64_microsoft.windows.common-controls_6595b64144ccf1df_6.0.9600.17031_none_6242a4b3ecbb55a1\COMCTL32.dll
0x00007ff853240000 - 0x00007ff85324a000 	C:\Windows\SYSTEM32\VERSION.dll
0x00007ff85c780000 - 0x00007ff85c827000 	C:\Windows\system32\msvcrt.dll
0x00007ff85cfb0000 - 0x00007ff85d007000 	C:\Windows\SYSTEM32\sechost.dll
0x00007ff85d500000 - 0x00007ff85d636000 	C:\Windows\system32\RPCRT4.dll
0x00007ff85cdf0000 - 0x00007ff85cf35000 	C:\Windows\system32\GDI32.dll
0x00007ff85cf70000 - 0x00007ff85cfa4000 	C:\Windows\system32\IMM32.DLL
0x00007ff85d360000 - 0x00007ff85d499000 	C:\Windows\system32\MSCTF.dll
0x00007ff851cb0000 - 0x00007ff851cc6000 	C:\Program Files\Java\jdk-11.0.1\bin\vcruntime140.dll
0x00007ff854fa0000 - 0x00007ff854fa4000 	C:\Program Files\Java\jdk-11.0.1\bin\api-ms-win-crt-runtime-l1-1-0.dll
0x00007ff858200000 - 0x00007ff858204000 	C:\Program Files\Java\jdk-11.0.1\bin\api-ms-win-crt-string-l1-1-0.dll
0x00007ff851a90000 - 0x00007ff851a93000 	C:\Program Files\Java\jdk-11.0.1\bin\api-ms-win-crt-heap-l1-1-0.dll
0x00007ff858750000 - 0x00007ff858754000 	C:\Program Files\Java\jdk-11.0.1\bin\api-ms-win-crt-stdio-l1-1-0.dll
0x00007ff854ec0000 - 0x00007ff854ec4000 	C:\Program Files\Java\jdk-11.0.1\bin\api-ms-win-crt-convert-l1-1-0.dll
0x00007ff84b350000 - 0x00007ff84b446000 	C:\Program Files\Java\jdk-11.0.1\bin\ucrtbase.DLL
0x00007ff849c00000 - 0x00007ff849caa000 	C:\Program Files\Java\jdk-11.0.1\bin\msvcp140.dll
0x00007ff851a30000 - 0x00007ff851a33000 	C:\Program Files\Java\jdk-11.0.1\bin\api-ms-win-crt-locale-l1-1-0.dll
0x00007ff853040000 - 0x00007ff853045000 	C:\Program Files\Java\jdk-11.0.1\bin\api-ms-win-crt-math-l1-1-0.dll
0x00007ff851400000 - 0x00007ff851405000 	C:\Program Files\Java\jdk-11.0.1\bin\api-ms-win-crt-multibyte-l1-1-0.dll
0x00007ff851d70000 - 0x00007ff851d73000 	C:\Program Files\Java\jdk-11.0.1\bin\api-ms-win-crt-time-l1-1-0.dll
0x00007ff851d90000 - 0x00007ff851d93000 	C:\Program Files\Java\jdk-11.0.1\bin\api-ms-win-crt-filesystem-l1-1-0.dll
0x00007ff854d70000 - 0x00007ff854d73000 	C:\Program Files\Java\jdk-11.0.1\bin\api-ms-win-crt-environment-l1-1-0.dll
0x00007ff8535d0000 - 0x00007ff8535d3000 	C:\Program Files\Java\jdk-11.0.1\bin\api-ms-win-crt-utility-l1-1-0.dll
0x00007ff839670000 - 0x00007ff83a1b2000 	C:\Program Files\Java\jdk-11.0.1\bin\server\jvm.dll
0x00007ff858780000 - 0x00007ff858789000 	C:\Windows\SYSTEM32\WSOCK32.dll
0x00007ff8568e0000 - 0x00007ff8568ff000 	C:\Windows\SYSTEM32\WINMM.dll
0x00007ff85c3a0000 - 0x00007ff85c3a7000 	C:\Windows\system32\PSAPI.DLL
0x00007ff85d4a0000 - 0x00007ff85d4f8000 	C:\Windows\system32\WS2_32.dll
0x00007ff8567f0000 - 0x00007ff85681a000 	C:\Windows\SYSTEM32\WINMMBASE.dll
0x00007ff85c770000 - 0x00007ff85c779000 	C:\Windows\system32\NSI.dll
0x00007ff85adc0000 - 0x00007ff85ae0a000 	C:\Windows\SYSTEM32\cfgmgr32.dll
0x00007ff859800000 - 0x00007ff859826000 	C:\Windows\SYSTEM32\DEVOBJ.dll
0x00007ff851120000 - 0x00007ff851131000 	C:\Program Files\Java\jdk-11.0.1\bin\verify.dll
0x00007ff84e630000 - 0x00007ff84e7b8000 	C:\Windows\SYSTEM32\DBGHELP.DLL
0x00007ff850240000 - 0x00007ff850269000 	C:\Program Files\Java\jdk-11.0.1\bin\java.dll
0x00007ff84eb20000 - 0x00007ff84eb57000 	C:\Program Files\Java\jdk-11.0.1\bin\jdwp.dll
0x00007ff8501f0000 - 0x00007ff85021f000 	C:\Program Files\Java\jdk-11.0.1\bin\instrument.dll
0x00007ff850d50000 - 0x00007ff850d66000 	C:\Program Files\Java\jdk-11.0.1\bin\zip.dll
0x00007ff851a80000 - 0x00007ff851a8a000 	C:\Program Files\Java\jdk-11.0.1\bin\jimage.dll
0x00007ff85aec0000 - 0x00007ff85c2d7000 	C:\Windows\system32\SHELL32.dll
0x00007ff85d0c0000 - 0x00007ff85d296000 	C:\Windows\SYSTEM32\combase.dll
0x00007ff85d2a0000 - 0x00007ff85d2f1000 	C:\Windows\system32\SHLWAPI.dll
0x00007ff858b30000 - 0x00007ff858bcf000 	C:\Windows\SYSTEM32\SHCORE.dll
0x00007ff85a9b0000 - 0x00007ff85a9c4000 	C:\Windows\SYSTEM32\profapi.dll
0x00007ff850a30000 - 0x00007ff850a3a000 	C:\Program Files\Java\jdk-11.0.1\bin\dt_socket.dll
0x00007ff85a1f0000 - 0x00007ff85a248000 	C:\Windows\System32\mswsock.dll
0x00007ff85a000000 - 0x00007ff85a0a3000 	C:\Windows\SYSTEM32\DNSAPI.dll
0x00007ff856c70000 - 0x00007ff856cd7000 	C:\Windows\System32\fwpuclnt.dll
0x00007ff84c350000 - 0x00007ff84c359000 	C:\Windows\System32\rasadhlp.dll
0x00007ff850730000 - 0x00007ff850749000 	C:\Program Files\Java\jdk-11.0.1\bin\net.dll
0x00007ff853150000 - 0x00007ff853215000 	C:\Windows\SYSTEM32\WINHTTP.dll
0x00007ff850400000 - 0x00007ff850413000 	C:\Program Files\Java\jdk-11.0.1\bin\nio.dll

dbghelp: loaded successfully - version: 4.0.5 - missing functions: none
symbol engine: initialized successfully - sym options: 0x614 - pdb path: .;C:\Program Files\Java\jdk-11.0.1\bin;C:\Windows\SYSTEM32;C:\Windows\WinSxS\amd64_microsoft.windows.common-controls_6595b64144ccf1df_6.0.9600.17031_none_6242a4b3ecbb55a1;C:\Program Files\Java\jdk-11.0.1\bin\server

VM Arguments:
jvm_args: -agentlib:jdwp=transport=dt_socket,suspend=y,address=localhost:55727 -javaagent:C:\Users\DELL\eclipse\jee-2018-09\eclipse\configuration\org.eclipse.osgi\419\0\.cp\lib\javaagent-shaded.jar -Dfile.encoding=Cp1252 
java_command: AutomationPackage.PalindromeExample
java_class_path (initial): C:\Users\DELL\eclipse-workspace\Sample\bin;G:\selenium course\selenium-java-3.141.59.zip;G:\selenium course\selenium-server-standalone-3.141.59.jar
Launcher Type: SUN_STANDARD

[Global flags]
     intx CICompilerCount                          = 3                                         {product} {ergonomic}
     uint ConcGCThreads                            = 1                                         {product} {ergonomic}
     uint G1ConcRefinementThreads                  = 4                                         {product} {ergonomic}
   size_t G1HeapRegionSize                         = 1048576                                   {product} {ergonomic}
    uintx GCDrainStackTargetSize                   = 64                                        {product} {ergonomic}
   size_t InitialHeapSize                          = 67108864                                  {product} {ergonomic}
   size_t MarkStackSize                            = 4194304                                   {product} {ergonomic}
   size_t MaxHeapSize                              = 1050673152                                {product} {ergonomic}
   size_t MaxNewSize                               = 630194176                                 {product} {ergonomic}
   size_t MinHeapDeltaBytes                        = 1048576                                   {product} {ergonomic}
    uintx NonNMethodCodeHeapSize                   = 5830092                                {pd product} {ergonomic}
    uintx NonProfiledCodeHeapSize                  = 122914074                              {pd product} {ergonomic}
    uintx ProfiledCodeHeapSize                     = 122914074                              {pd product} {ergonomic}
    uintx ReservedCodeCacheSize                    = 251658240                              {pd product} {ergonomic}
     bool SegmentedCodeCache                       = true                                      {product} {ergonomic}
     bool UseCompressedClassPointers               = true                                 {lp64_product} {ergonomic}
     bool UseCompressedOops                        = true                                 {lp64_product} {ergonomic}
     bool UseG1GC                                  = true                                      {product} {ergonomic}
     bool UseLargePagesIndividualAllocation        = false                                  {pd product} {ergonomic}

Logging:
Log output configuration:
 #0: stdout all=warning uptime,level,tags
 #1: stderr all=off uptime,level,tags

Environment Variables:
PATH=C:/Program Files/Java/jdk-11.0.1/bin/server;C:/Program Files/Java/jdk-11.0.1/bin;C:\Program Files\Java\jdk-11.0.1\bin;C:\Users\DELL\eclipse\jee-2018-09\eclipse;
USERNAME=DELL
OS=Windows_NT
PROCESSOR_IDENTIFIER=Intel64 Family 6 Model 69 Stepping 1, GenuineIntel



---------------  S Y S T E M  ---------------

OS: Windows 8.1 , 64 bit Build 9600 (6.3.9600.17031)

CPU:total 4 (initial active 4) (2 cores per cpu, 2 threads per core) family 6 model 69 stepping 1, cmov, cx8, fxsr, mmx, sse, sse2, sse3, ssse3, sse4.1, sse4.2, popcnt, avx, avx2, aes, clmul, erms, lzcnt, ht, tsc, tscinvbit, bmi1, bmi2, fma

Memory: 4k page, system-wide physical 4000M (1699M free)
TotalPageFile size 5408M (AvailPageFile size 2263M)
current process WorkingSet (physical memory assigned to process): 38M, peak: 40M
current process commit charge ("private bytes"): 134M, peak: 136M

vm_info: Java HotSpot(TM) 64-Bit Server VM (11.0.1+13-LTS) for windows-amd64 JRE (11.0.1+13-LTS), built on Oct  6 2018 13:20:16 by "mach5one" with MS VC++ 15.5 (VS2017)

END.
